Copyright 1986-2018 Xilinx, Inc. All Rights Reserved.
-----------------------------------------------------------------------------------------------------------------------------------------------
| Tool Version : Vivado v.2018.3 (lin64) Build 2405991 Thu Dec  6 23:36:41 MST 2018
| Date         : Thu Dec 20 14:23:26 2018
| Host         : Vivado running 64-bit unknown
| Command      : report_methodology -file top_methodology_drc_routed.rpt -pb top_methodology_drc_routed.pb -rpx top_methodology_drc_routed.rpx
| Design       : top
| Device       : xc7s25ftgb196-2
| Speed File   : -2
| Design State : Fully Routed
-----------------------------------------------------------------------------------------------------------------------------------------------

Report Methodology

Table of Contents
-----------------
1. REPORT SUMMARY
2. REPORT DETAILS

1. REPORT SUMMARY
-----------------
            Netlist: netlist
          Floorplan: design_1
      Design limits: <entire design considered>
             Max violations: <unlimited>
             Violations found: 6
+-----------+----------+-------------------------------+------------+
| Rule      | Severity | Description                   | Violations |
+-----------+----------+-------------------------------+------------+
| TIMING-18 | Warning  | Missing input or output delay | 6          |
+-----------+----------+-------------------------------+------------+

2. REPORT DETAILS
-----------------
TIMING-18#1 Warning
Missing input or output delay  
An output delay is missing on hostDirn[0] relative to clock(s) clk50
Related violations: <none>

TIMING-18#2 Warning
Missing input or output delay  
An output delay is missing on hostDirn[1] relative to clock(s) clk50
Related violations: <none>

TIMING-18#3 Warning
Missing input or output delay  
An output delay is missing on hostDirn[2] relative to clock(s) clk50
Related violations: <none>

TIMING-18#4 Warning
Missing input or output delay  
An output delay is missing on hostDirn[3] relative to clock(s) clk50
Related violations: <none>

TIMING-18#5 Warning
Missing input or output delay  
An output delay is missing on hostDirn[4] relative to clock(s) clk50
Related violations: <none>

TIMING-18#6 Warning
Missing input or output delay  
An output delay is missing on hostDirn[5] relative to clock(s) clk50
Related violations: <none>


