13:44:37 **** Incremental Build of configuration Debug for project arm ****
make all 
Building file: ../Core/Src/boot.c
Invoking: MCU GCC Compiler
/Users/simon/Documents/eagle/pbxl/sw/arm/Debug
arm-none-eabi-gcc -mcpu=cortex-m7 -mthumb -mfloat-abi=hard -mfpu=fpv5-d16 '-D__weak=__attribute__((weak))' '-D__packed="__attribute__((__packed__))"' -DUSE_HAL_DRIVER -DSTM32H743xx -I"/Users/simon/Documents/eagle/pbxl/sw/arm/FATFS/Target" -I"/Users/simon/Documents/eagle/pbxl/sw/arm/FATFS/App" -I"/Users/simon/Documents/eagle/pbxl/sw/arm/Core/Inc" -I"/Users/simon/Documents/eagle/pbxl/sw/arm/Drivers/STM32H7xx_HAL_Driver/Inc" -I"/Users/simon/Documents/eagle/pbxl/sw/arm/Utilities/JPEG" -I"/Users/simon/Documents/eagle/pbxl/sw/arm/Drivers/STM32H7xx_HAL_Driver/Inc/Legacy" -I"/Users/simon/Documents/eagle/pbxl/sw/arm/Middlewares/Third_Party/FatFs/src" -I"/Users/simon/Documents/eagle/pbxl/sw/arm/Middlewares/Third_Party/FreeRTOS/Source/include" -I"/Users/simon/Documents/eagle/pbxl/sw/arm/Middlewares/Third_Party/FreeRTOS/Source/CMSIS_RTOS" -I"/Users/simon/Documents/eagle/pbxl/sw/arm/Middlewares/Third_Party/FreeRTOS/Source/portable/GCC/ARM_CM7/r0p1" -I"/Users/simon/Documents/eagle/pbxl/sw/arm/Drivers/CMSIS/Device/ST/STM32H7xx/Include" -I"/Users/simon/Documents/eagle/pbxl/sw/arm/Drivers/CMSIS/Include"  -Og -g3 -Wall -Wextra -fmessage-length=0 -Wa,-adhlns="Core/Src/boot.o.lst" -ffunction-sections -c -fmessage-length=0 -MMD -MP -MF"Core/Src/boot.d" -MT"Core/Src/boot.o" -o "Core/Src/boot.o" "../Core/Src/boot.c"
Finished building: ../Core/Src/boot.c
 
Building file: ../Core/Src/main.c
Invoking: MCU GCC Compiler
/Users/simon/Documents/eagle/pbxl/sw/arm/Debug
arm-none-eabi-gcc -mcpu=cortex-m7 -mthumb -mfloat-abi=hard -mfpu=fpv5-d16 '-D__weak=__attribute__((weak))' '-D__packed="__attribute__((__packed__))"' -DUSE_HAL_DRIVER -DSTM32H743xx -I"/Users/simon/Documents/eagle/pbxl/sw/arm/FATFS/Target" -I"/Users/simon/Documents/eagle/pbxl/sw/arm/FATFS/App" -I"/Users/simon/Documents/eagle/pbxl/sw/arm/Core/Inc" -I"/Users/simon/Documents/eagle/pbxl/sw/arm/Drivers/STM32H7xx_HAL_Driver/Inc" -I"/Users/simon/Documents/eagle/pbxl/sw/arm/Utilities/JPEG" -I"/Users/simon/Documents/eagle/pbxl/sw/arm/Drivers/STM32H7xx_HAL_Driver/Inc/Legacy" -I"/Users/simon/Documents/eagle/pbxl/sw/arm/Middlewares/Third_Party/FatFs/src" -I"/Users/simon/Documents/eagle/pbxl/sw/arm/Middlewares/Third_Party/FreeRTOS/Source/include" -I"/Users/simon/Documents/eagle/pbxl/sw/arm/Middlewares/Third_Party/FreeRTOS/Source/CMSIS_RTOS" -I"/Users/simon/Documents/eagle/pbxl/sw/arm/Middlewares/Third_Party/FreeRTOS/Source/portable/GCC/ARM_CM7/r0p1" -I"/Users/simon/Documents/eagle/pbxl/sw/arm/Drivers/CMSIS/Device/ST/STM32H7xx/Include" -I"/Users/simon/Documents/eagle/pbxl/sw/arm/Drivers/CMSIS/Include"  -Og -g3 -Wall -Wextra -fmessage-length=0 -Wa,-adhlns="Core/Src/main.o.lst" -ffunction-sections -c -fmessage-length=0 -MMD -MP -MF"Core/Src/main.d" -MT"Core/Src/main.o" -o "Core/Src/main.o" "../Core/Src/main.c"
Finished building: ../Core/Src/main.c
 
Building target: arm.elf
Invoking: MCU GCC Linker
arm-none-eabi-gcc -mcpu=cortex-m7 -mthumb -mfloat-abi=hard -mfpu=fpv5-d16 -specs=nosys.specs -specs=nano.specs -u _printf_float -T"../STM32H743XIHx_FLASH.ld" -Wl,-Map=output.map -Wl,--gc-sections -o "arm.elf" @"objects.list"   -lm
Finished building target: arm.elf
 
/Applications/Xcode.app/Contents/Developer/usr/bin/make --no-print-directory post-build
Generating hex and Printing size information:
arm-none-eabi-objcopy -O ihex "arm.elf" "arm.hex"
arm-none-eabi-size "arm.elf"
   text	   data	    bss	    dec	    hex	filename
  43532	    496	  19600	  63628	   f88c	arm.elf
 
13:44:42 **** Incremental Build of configuration Debug for project arm ****
make all 
make: Nothing to be done for `all'.
